C:\USERS\SANTY\DOCUMENTS\VISUAL STUDIO 2010\PROJECTS\BANCO_CLIENTE_AUTO\BANCO_CLIENTE_AUTO\DEBUG\.NETFRAMEWORK,VERSION=V4.0.ASSEMBLYATTRIBUTES.OBJ
C:\USERS\SANTY\DOCUMENTS\VISUAL STUDIO 2010\PROJECTS\BANCO_CLIENTE_AUTO\BANCO_CLIENTE_AUTO\DEBUG\BANCO_CLIENTE_AUTO.EXE.INTERMEDIATE.MANIFEST
C:\USERS\SANTY\DOCUMENTS\VISUAL STUDIO 2010\PROJECTS\BANCO_CLIENTE_AUTO\BANCO_CLIENTE_AUTO\DEBUG\BANCO_CLIENTE_AUTO.OBJ
C:\USERS\SANTY\DOCUMENTS\VISUAL STUDIO 2010\PROJECTS\BANCO_CLIENTE_AUTO\BANCO_CLIENTE_AUTO\DEBUG\BANCO_CLIENTE_AUTO.PCH
C:\Users\Santy\documents\visual studio 2010\Projects\Banco_Cliente_Auto\Banco_Cliente_Auto\Debug\Banco_Cliente_Auto.write.1.tlog
C:\Users\Santy\documents\visual studio 2010\Projects\Banco_Cliente_Auto\Banco_Cliente_Auto\Debug\cl.command.1.tlog
C:\Users\Santy\documents\visual studio 2010\Projects\Banco_Cliente_Auto\Banco_Cliente_Auto\Debug\CL.read.1.tlog
C:\Users\Santy\documents\visual studio 2010\Projects\Banco_Cliente_Auto\Banco_Cliente_Auto\Debug\CL.write.1.tlog
C:\USERS\SANTY\DOCUMENTS\VISUAL STUDIO 2010\PROJECTS\BANCO_CLIENTE_AUTO\BANCO_CLIENTE_AUTO\DEBUG\CORE.OBJ
C:\USERS\SANTY\DOCUMENTS\VISUAL STUDIO 2010\PROJECTS\BANCO_CLIENTE_AUTO\BANCO_CLIENTE_AUTO\DEBUG\IU.OBJ
C:\Users\Santy\documents\visual studio 2010\Projects\Banco_Cliente_Auto\Banco_Cliente_Auto\Debug\link.1480.read.1.tlog
C:\Users\Santy\documents\visual studio 2010\Projects\Banco_Cliente_Auto\Banco_Cliente_Auto\Debug\link.1480.write.1.tlog
C:\Users\Santy\documents\visual studio 2010\Projects\Banco_Cliente_Auto\Banco_Cliente_Auto\Debug\link.2408.read.1.tlog
C:\Users\Santy\documents\visual studio 2010\Projects\Banco_Cliente_Auto\Banco_Cliente_Auto\Debug\link.2408.write.1.tlog
C:\Users\Santy\documents\visual studio 2010\Projects\Banco_Cliente_Auto\Banco_Cliente_Auto\Debug\link.2704.read.1.tlog
C:\Users\Santy\documents\visual studio 2010\Projects\Banco_Cliente_Auto\Banco_Cliente_Auto\Debug\link.2704.write.1.tlog
C:\Users\Santy\documents\visual studio 2010\Projects\Banco_Cliente_Auto\Banco_Cliente_Auto\Debug\link.2968.read.1.tlog
C:\Users\Santy\documents\visual studio 2010\Projects\Banco_Cliente_Auto\Banco_Cliente_Auto\Debug\link.2968.write.1.tlog
C:\Users\Santy\documents\visual studio 2010\Projects\Banco_Cliente_Auto\Banco_Cliente_Auto\Debug\link.360.read.1.tlog
C:\Users\Santy\documents\visual studio 2010\Projects\Banco_Cliente_Auto\Banco_Cliente_Auto\Debug\link.360.write.1.tlog
C:\Users\Santy\documents\visual studio 2010\Projects\Banco_Cliente_Auto\Banco_Cliente_Auto\Debug\link.4624.read.1.tlog
C:\Users\Santy\documents\visual studio 2010\Projects\Banco_Cliente_Auto\Banco_Cliente_Auto\Debug\link.4624.write.1.tlog
C:\Users\Santy\documents\visual studio 2010\Projects\Banco_Cliente_Auto\Banco_Cliente_Auto\Debug\link.4708.read.1.tlog
C:\Users\Santy\documents\visual studio 2010\Projects\Banco_Cliente_Auto\Banco_Cliente_Auto\Debug\link.4708.write.1.tlog
C:\Users\Santy\documents\visual studio 2010\Projects\Banco_Cliente_Auto\Banco_Cliente_Auto\Debug\link.4736.read.1.tlog
C:\Users\Santy\documents\visual studio 2010\Projects\Banco_Cliente_Auto\Banco_Cliente_Auto\Debug\link.4736.write.1.tlog
C:\Users\Santy\documents\visual studio 2010\Projects\Banco_Cliente_Auto\Banco_Cliente_Auto\Debug\link.5296.read.1.tlog
C:\Users\Santy\documents\visual studio 2010\Projects\Banco_Cliente_Auto\Banco_Cliente_Auto\Debug\link.5296.write.1.tlog
C:\Users\Santy\documents\visual studio 2010\Projects\Banco_Cliente_Auto\Banco_Cliente_Auto\Debug\link.5452.read.1.tlog
C:\Users\Santy\documents\visual studio 2010\Projects\Banco_Cliente_Auto\Banco_Cliente_Auto\Debug\link.5452.write.1.tlog
C:\Users\Santy\documents\visual studio 2010\Projects\Banco_Cliente_Auto\Banco_Cliente_Auto\Debug\link.5620.read.1.tlog
C:\Users\Santy\documents\visual studio 2010\Projects\Banco_Cliente_Auto\Banco_Cliente_Auto\Debug\link.5620.write.1.tlog
C:\Users\Santy\documents\visual studio 2010\Projects\Banco_Cliente_Auto\Banco_Cliente_Auto\Debug\link.6492.read.1.tlog
C:\Users\Santy\documents\visual studio 2010\Projects\Banco_Cliente_Auto\Banco_Cliente_Auto\Debug\link.6492.write.1.tlog
C:\Users\Santy\documents\visual studio 2010\Projects\Banco_Cliente_Auto\Banco_Cliente_Auto\Debug\link.6680.read.1.tlog
C:\Users\Santy\documents\visual studio 2010\Projects\Banco_Cliente_Auto\Banco_Cliente_Auto\Debug\link.6680.write.1.tlog
C:\Users\Santy\documents\visual studio 2010\Projects\Banco_Cliente_Auto\Banco_Cliente_Auto\Debug\link.6704.read.1.tlog
C:\Users\Santy\documents\visual studio 2010\Projects\Banco_Cliente_Auto\Banco_Cliente_Auto\Debug\link.6704.write.1.tlog
C:\Users\Santy\documents\visual studio 2010\Projects\Banco_Cliente_Auto\Banco_Cliente_Auto\Debug\link.6820.read.1.tlog
C:\Users\Santy\documents\visual studio 2010\Projects\Banco_Cliente_Auto\Banco_Cliente_Auto\Debug\link.6820.write.1.tlog
C:\Users\Santy\documents\visual studio 2010\Projects\Banco_Cliente_Auto\Banco_Cliente_Auto\Debug\link.7352.read.1.tlog
C:\Users\Santy\documents\visual studio 2010\Projects\Banco_Cliente_Auto\Banco_Cliente_Auto\Debug\link.7352.write.1.tlog
C:\Users\Santy\documents\visual studio 2010\Projects\Banco_Cliente_Auto\Banco_Cliente_Auto\Debug\link.788.read.1.tlog
C:\Users\Santy\documents\visual studio 2010\Projects\Banco_Cliente_Auto\Banco_Cliente_Auto\Debug\link.788.write.1.tlog
C:\Users\Santy\documents\visual studio 2010\Projects\Banco_Cliente_Auto\Banco_Cliente_Auto\Debug\link.command.1.tlog
C:\Users\Santy\documents\visual studio 2010\Projects\Banco_Cliente_Auto\Banco_Cliente_Auto\Debug\link.read.1.tlog
C:\Users\Santy\documents\visual studio 2010\Projects\Banco_Cliente_Auto\Banco_Cliente_Auto\Debug\link.write.1.tlog
C:\Users\Santy\documents\visual studio 2010\Projects\Banco_Cliente_Auto\Banco_Cliente_Auto\Debug\metagen.read.1.tlog
C:\Users\Santy\documents\visual studio 2010\Projects\Banco_Cliente_Auto\Banco_Cliente_Auto\Debug\metagen.write.1.tlog
C:\USERS\SANTY\DOCUMENTS\VISUAL STUDIO 2010\PROJECTS\BANCO_CLIENTE_AUTO\BANCO_CLIENTE_AUTO\DEBUG\MSJ.OBJ
C:\Users\Santy\documents\visual studio 2010\Projects\Banco_Cliente_Auto\Banco_Cliente_Auto\Debug\mt.command.1.tlog
C:\Users\Santy\documents\visual studio 2010\Projects\Banco_Cliente_Auto\Banco_Cliente_Auto\Debug\mt.read.1.tlog
C:\Users\Santy\documents\visual studio 2010\Projects\Banco_Cliente_Auto\Banco_Cliente_Auto\Debug\mt.write.1.tlog
C:\Users\Santy\documents\visual studio 2010\Projects\Banco_Cliente_Auto\Banco_Cliente_Auto\Debug\RSAENH.DLL.bi
C:\USERS\SANTY\DOCUMENTS\VISUAL STUDIO 2010\PROJECTS\BANCO_CLIENTE_AUTO\BANCO_CLIENTE_AUTO\DEBUG\SOCK.OBJ
C:\USERS\SANTY\DOCUMENTS\VISUAL STUDIO 2010\PROJECTS\BANCO_CLIENTE_AUTO\BANCO_CLIENTE_AUTO\DEBUG\STDAFX.OBJ
C:\Users\Santy\documents\visual studio 2010\Projects\Banco_Cliente_Auto\Banco_Cliente_Auto\Debug\TZRES.DLL.bi
C:\USERS\SANTY\DOCUMENTS\VISUAL STUDIO 2010\PROJECTS\BANCO_CLIENTE_AUTO\BANCO_CLIENTE_AUTO\DEBUG\VC100.PDB
C:\USERS\SANTY\DOCUMENTS\VISUAL STUDIO 2010\PROJECTS\BANCO_CLIENTE_AUTO\BANCO_CLIENTE_AUTO\DEBUG\WS-UTIL.OBJ
C:\USERS\SANTY\DOCUMENTS\VISUAL STUDIO 2010\PROJECTS\BANCO_CLIENTE_AUTO\DEBUG\BANCO_CLIENTE_AUTO.EXE
C:\USERS\SANTY\DOCUMENTS\VISUAL STUDIO 2010\PROJECTS\BANCO_CLIENTE_AUTO\DEBUG\BANCO_CLIENTE_AUTO.ILK
C:\USERS\SANTY\DOCUMENTS\VISUAL STUDIO 2010\PROJECTS\BANCO_CLIENTE_AUTO\DEBUG\BANCO_CLIENTE_AUTO.PDB
