C:\USERS\SANTY\DOCUMENTS\VISUAL STUDIO 2010\PROJECTS\BANCO_SERVER\BANCO_SERVER\DEBUG\.NETFRAMEWORK,VERSION=V4.0.ASSEMBLYATTRIBUTES.OBJ
C:\USERS\SANTY\DOCUMENTS\VISUAL STUDIO 2010\PROJECTS\BANCO_SERVER\BANCO_SERVER\DEBUG\BANCO.OBJ
C:\USERS\SANTY\DOCUMENTS\VISUAL STUDIO 2010\PROJECTS\BANCO_SERVER\BANCO_SERVER\DEBUG\BANCO_SERVER.EXE.INTERMEDIATE.MANIFEST
C:\USERS\SANTY\DOCUMENTS\VISUAL STUDIO 2010\PROJECTS\BANCO_SERVER\BANCO_SERVER\DEBUG\BANCO_SERVER.PCH
C:\Users\Santy\Documents\Visual Studio 2010\Projects\Banco_Server\Banco_Server\Debug\cl.command.1.tlog
C:\Users\Santy\Documents\Visual Studio 2010\Projects\Banco_Server\Banco_Server\Debug\CL.read.1.tlog
C:\Users\Santy\Documents\Visual Studio 2010\Projects\Banco_Server\Banco_Server\Debug\CL.write.1.tlog
C:\USERS\SANTY\DOCUMENTS\VISUAL STUDIO 2010\PROJECTS\BANCO_SERVER\BANCO_SERVER\DEBUG\DATOS.OBJ
C:\Users\Santy\Documents\Visual Studio 2010\Projects\Banco_Server\Banco_Server\Debug\link.10872.read.1.tlog
C:\Users\Santy\Documents\Visual Studio 2010\Projects\Banco_Server\Banco_Server\Debug\link.10872.write.1.tlog
C:\Users\Santy\Documents\Visual Studio 2010\Projects\Banco_Server\Banco_Server\Debug\link.6596.read.1.tlog
C:\Users\Santy\Documents\Visual Studio 2010\Projects\Banco_Server\Banco_Server\Debug\link.6596.write.1.tlog
C:\Users\Santy\Documents\Visual Studio 2010\Projects\Banco_Server\Banco_Server\Debug\link.command.1.tlog
C:\Users\Santy\Documents\Visual Studio 2010\Projects\Banco_Server\Banco_Server\Debug\link.read.1.tlog
C:\Users\Santy\Documents\Visual Studio 2010\Projects\Banco_Server\Banco_Server\Debug\link.write.1.tlog
C:\USERS\SANTY\DOCUMENTS\VISUAL STUDIO 2010\PROJECTS\BANCO_SERVER\BANCO_SERVER\DEBUG\MAIN.OBJ
C:\Users\Santy\Documents\Visual Studio 2010\Projects\Banco_Server\Banco_Server\Debug\metagen.read.1.tlog
C:\Users\Santy\Documents\Visual Studio 2010\Projects\Banco_Server\Banco_Server\Debug\metagen.write.1.tlog
C:\USERS\SANTY\DOCUMENTS\VISUAL STUDIO 2010\PROJECTS\BANCO_SERVER\BANCO_SERVER\DEBUG\MSJ.OBJ
C:\Users\Santy\Documents\Visual Studio 2010\Projects\Banco_Server\Banco_Server\Debug\mt.command.1.tlog
C:\Users\Santy\Documents\Visual Studio 2010\Projects\Banco_Server\Banco_Server\Debug\mt.read.1.tlog
C:\Users\Santy\Documents\Visual Studio 2010\Projects\Banco_Server\Banco_Server\Debug\mt.write.1.tlog
C:\Users\Santy\Documents\Visual Studio 2010\Projects\Banco_Server\Banco_Server\Debug\RSAENH.DLL.bi
C:\USERS\SANTY\DOCUMENTS\VISUAL STUDIO 2010\PROJECTS\BANCO_SERVER\BANCO_SERVER\DEBUG\SERVIDOR.OBJ
C:\USERS\SANTY\DOCUMENTS\VISUAL STUDIO 2010\PROJECTS\BANCO_SERVER\BANCO_SERVER\DEBUG\SOCK.OBJ
C:\USERS\SANTY\DOCUMENTS\VISUAL STUDIO 2010\PROJECTS\BANCO_SERVER\BANCO_SERVER\DEBUG\STDAFX.OBJ
C:\USERS\SANTY\DOCUMENTS\VISUAL STUDIO 2010\PROJECTS\BANCO_SERVER\BANCO_SERVER\DEBUG\TRANSACTION.OBJ
C:\USERS\SANTY\DOCUMENTS\VISUAL STUDIO 2010\PROJECTS\BANCO_SERVER\BANCO_SERVER\DEBUG\TRANSACTIONMANAGER.OBJ
C:\Users\Santy\Documents\Visual Studio 2010\Projects\Banco_Server\Banco_Server\Debug\TZRES.DLL.bi
C:\USERS\SANTY\DOCUMENTS\VISUAL STUDIO 2010\PROJECTS\BANCO_SERVER\BANCO_SERVER\DEBUG\VC100.PDB
C:\USERS\SANTY\DOCUMENTS\VISUAL STUDIO 2010\PROJECTS\BANCO_SERVER\BANCO_SERVER\DEBUG\WS-UTIL.OBJ
C:\USERS\SANTY\DOCUMENTS\VISUAL STUDIO 2010\PROJECTS\BANCO_SERVER\DEBUG\BANCO_SERVER.EXE
C:\USERS\SANTY\DOCUMENTS\VISUAL STUDIO 2010\PROJECTS\BANCO_SERVER\DEBUG\BANCO_SERVER.ILK
C:\USERS\SANTY\DOCUMENTS\VISUAL STUDIO 2010\PROJECTS\BANCO_SERVER\DEBUG\BANCO_SERVER.PDB
