C:\USERS\SANTY\DOCUMENTS\VISUAL STUDIO 2010\PROJECTS\BANCO_CLIENTE\BANCO_CLIENTE\DEBUG\.NETFRAMEWORK,VERSION=V4.0.ASSEMBLYATTRIBUTES.OBJ
C:\USERS\SANTY\DOCUMENTS\VISUAL STUDIO 2010\PROJECTS\BANCO_CLIENTE\BANCO_CLIENTE\DEBUG\APP.RES
C:\USERS\SANTY\DOCUMENTS\VISUAL STUDIO 2010\PROJECTS\BANCO_CLIENTE\BANCO_CLIENTE\DEBUG\ASSEMBLYINFO.OBJ
C:\USERS\SANTY\DOCUMENTS\VISUAL STUDIO 2010\PROJECTS\BANCO_CLIENTE\BANCO_CLIENTE\DEBUG\BANCO_CLIENTE.CONECTAR.RESOURCES
C:\USERS\SANTY\DOCUMENTS\VISUAL STUDIO 2010\PROJECTS\BANCO_CLIENTE\BANCO_CLIENTE\DEBUG\BANCO_CLIENTE.CONECTING.RESOURCES
C:\USERS\SANTY\DOCUMENTS\VISUAL STUDIO 2010\PROJECTS\BANCO_CLIENTE\BANCO_CLIENTE\DEBUG\BANCO_CLIENTE.DEPOSITAR.RESOURCES
C:\USERS\SANTY\DOCUMENTS\VISUAL STUDIO 2010\PROJECTS\BANCO_CLIENTE\BANCO_CLIENTE\DEBUG\BANCO_CLIENTE.EXE.INTERMEDIATE.MANIFEST
C:\USERS\SANTY\DOCUMENTS\VISUAL STUDIO 2010\PROJECTS\BANCO_CLIENTE\BANCO_CLIENTE\DEBUG\BANCO_CLIENTE.EXTRAER.RESOURCES
C:\USERS\SANTY\DOCUMENTS\VISUAL STUDIO 2010\PROJECTS\BANCO_CLIENTE\BANCO_CLIENTE\DEBUG\BANCO_CLIENTE.INICIO.RESOURCES
C:\USERS\SANTY\DOCUMENTS\VISUAL STUDIO 2010\PROJECTS\BANCO_CLIENTE\BANCO_CLIENTE\DEBUG\BANCO_CLIENTE.LOGIN.RESOURCES
C:\USERS\SANTY\DOCUMENTS\VISUAL STUDIO 2010\PROJECTS\BANCO_CLIENTE\BANCO_CLIENTE\DEBUG\BANCO_CLIENTE.OPERACIONES.RESOURCES
C:\USERS\SANTY\DOCUMENTS\VISUAL STUDIO 2010\PROJECTS\BANCO_CLIENTE\BANCO_CLIENTE\DEBUG\BANCO_CLIENTE.PCH
C:\USERS\SANTY\DOCUMENTS\VISUAL STUDIO 2010\PROJECTS\BANCO_CLIENTE\BANCO_CLIENTE\DEBUG\BANCO_CLIENTE.TRANSFERIR.RESOURCES
C:\Users\Santy\documents\visual studio 2010\Projects\Banco_Cliente\Banco_Cliente\Debug\Banco_Cliente.write.1.tlog
C:\Users\Santy\documents\visual studio 2010\Projects\Banco_Cliente\Banco_Cliente\Debug\cl.command.1.tlog
C:\Users\Santy\documents\visual studio 2010\Projects\Banco_Cliente\Banco_Cliente\Debug\CL.read.1.tlog
C:\Users\Santy\documents\visual studio 2010\Projects\Banco_Cliente\Banco_Cliente\Debug\CL.write.1.tlog
C:\USERS\SANTY\DOCUMENTS\VISUAL STUDIO 2010\PROJECTS\BANCO_CLIENTE\BANCO_CLIENTE\DEBUG\CONECTAR.OBJ
C:\USERS\SANTY\DOCUMENTS\VISUAL STUDIO 2010\PROJECTS\BANCO_CLIENTE\BANCO_CLIENTE\DEBUG\CONECTING.OBJ
C:\USERS\SANTY\DOCUMENTS\VISUAL STUDIO 2010\PROJECTS\BANCO_CLIENTE\BANCO_CLIENTE\DEBUG\CORE.OBJ
C:\USERS\SANTY\DOCUMENTS\VISUAL STUDIO 2010\PROJECTS\BANCO_CLIENTE\BANCO_CLIENTE\DEBUG\DEPOSITAR.OBJ
C:\USERS\SANTY\DOCUMENTS\VISUAL STUDIO 2010\PROJECTS\BANCO_CLIENTE\BANCO_CLIENTE\DEBUG\EXTRAER.OBJ
C:\Users\Santy\documents\visual studio 2010\Projects\Banco_Cliente\Banco_Cliente\Debug\GenerateResource.read.1.tlog
C:\Users\Santy\documents\visual studio 2010\Projects\Banco_Cliente\Banco_Cliente\Debug\GenerateResource.write.1.tlog
C:\USERS\SANTY\DOCUMENTS\VISUAL STUDIO 2010\PROJECTS\BANCO_CLIENTE\BANCO_CLIENTE\DEBUG\INICIO.OBJ
C:\USERS\SANTY\DOCUMENTS\VISUAL STUDIO 2010\PROJECTS\BANCO_CLIENTE\BANCO_CLIENTE\DEBUG\IU.OBJ
C:\Users\Santy\documents\visual studio 2010\Projects\Banco_Cliente\Banco_Cliente\Debug\link.3620.read.1.tlog
C:\Users\Santy\documents\visual studio 2010\Projects\Banco_Cliente\Banco_Cliente\Debug\link.3620.write.1.tlog
C:\Users\Santy\documents\visual studio 2010\Projects\Banco_Cliente\Banco_Cliente\Debug\link.3620-cvtres.read.1.tlog
C:\Users\Santy\documents\visual studio 2010\Projects\Banco_Cliente\Banco_Cliente\Debug\link.3620-cvtres.write.1.tlog
C:\Users\Santy\documents\visual studio 2010\Projects\Banco_Cliente\Banco_Cliente\Debug\link.command.1.tlog
C:\Users\Santy\documents\visual studio 2010\Projects\Banco_Cliente\Banco_Cliente\Debug\link.read.1.tlog
C:\Users\Santy\documents\visual studio 2010\Projects\Banco_Cliente\Banco_Cliente\Debug\link.write.1.tlog
C:\USERS\SANTY\DOCUMENTS\VISUAL STUDIO 2010\PROJECTS\BANCO_CLIENTE\BANCO_CLIENTE\DEBUG\LOGIN.OBJ
C:\USERS\SANTY\DOCUMENTS\VISUAL STUDIO 2010\PROJECTS\BANCO_CLIENTE\BANCO_CLIENTE\DEBUG\MAIN.OBJ
C:\Users\Santy\documents\visual studio 2010\Projects\Banco_Cliente\Banco_Cliente\Debug\metagen.read.1.tlog
C:\Users\Santy\documents\visual studio 2010\Projects\Banco_Cliente\Banco_Cliente\Debug\metagen.write.1.tlog
C:\USERS\SANTY\DOCUMENTS\VISUAL STUDIO 2010\PROJECTS\BANCO_CLIENTE\BANCO_CLIENTE\DEBUG\MSJ.OBJ
C:\Users\Santy\documents\visual studio 2010\Projects\Banco_Cliente\Banco_Cliente\Debug\mt.command.1.tlog
C:\Users\Santy\documents\visual studio 2010\Projects\Banco_Cliente\Banco_Cliente\Debug\mt.read.1.tlog
C:\Users\Santy\documents\visual studio 2010\Projects\Banco_Cliente\Banco_Cliente\Debug\mt.write.1.tlog
C:\USERS\SANTY\DOCUMENTS\VISUAL STUDIO 2010\PROJECTS\BANCO_CLIENTE\BANCO_CLIENTE\DEBUG\OPERACIONES.OBJ
C:\Users\Santy\documents\visual studio 2010\Projects\Banco_Cliente\Banco_Cliente\Debug\rc.command.1.tlog
C:\Users\Santy\documents\visual studio 2010\Projects\Banco_Cliente\Banco_Cliente\Debug\rc.read.1.tlog
C:\Users\Santy\documents\visual studio 2010\Projects\Banco_Cliente\Banco_Cliente\Debug\rc.write.1.tlog
C:\Users\Santy\documents\visual studio 2010\Projects\Banco_Cliente\Banco_Cliente\Debug\RSAENH.DLL.bi
C:\USERS\SANTY\DOCUMENTS\VISUAL STUDIO 2010\PROJECTS\BANCO_CLIENTE\BANCO_CLIENTE\DEBUG\SOCK.OBJ
C:\USERS\SANTY\DOCUMENTS\VISUAL STUDIO 2010\PROJECTS\BANCO_CLIENTE\BANCO_CLIENTE\DEBUG\STDAFX.OBJ
C:\USERS\SANTY\DOCUMENTS\VISUAL STUDIO 2010\PROJECTS\BANCO_CLIENTE\BANCO_CLIENTE\DEBUG\TRANSFERIR.OBJ
C:\Users\Santy\documents\visual studio 2010\Projects\Banco_Cliente\Banco_Cliente\Debug\TZRES.DLL.bi
C:\USERS\SANTY\DOCUMENTS\VISUAL STUDIO 2010\PROJECTS\BANCO_CLIENTE\BANCO_CLIENTE\DEBUG\VC100.PDB
C:\USERS\SANTY\DOCUMENTS\VISUAL STUDIO 2010\PROJECTS\BANCO_CLIENTE\BANCO_CLIENTE\DEBUG\WS-UTIL.OBJ
C:\USERS\SANTY\DOCUMENTS\VISUAL STUDIO 2010\PROJECTS\BANCO_CLIENTE\DEBUG\BANCO_CLIENTE.EXE
C:\USERS\SANTY\DOCUMENTS\VISUAL STUDIO 2010\PROJECTS\BANCO_CLIENTE\DEBUG\BANCO_CLIENTE.ILK
C:\USERS\SANTY\DOCUMENTS\VISUAL STUDIO 2010\PROJECTS\BANCO_CLIENTE\DEBUG\BANCO_CLIENTE.PDB
